{"/home/ivan/Descargas/backup/git/React de 0 a experto/Journal-App/Journal-React-App/src/actions/notes.js": {"path":"/home/ivan/Descargas/backup/git/React de 0 a experto/Journal-App/Journal-React-App/src/actions/notes.js","statementMap":{"0":{"start":{"line":18,"column":28},"end":{"line":29,"column":1}},"1":{"start":{"line":18,"column":34},"end":{"line":29,"column":1}},"2":{"start":{"line":19,"column":18},"end":{"line":19,"column":33}},"3":{"start":{"line":20,"column":18},"end":{"line":24,"column":3}},"4":{"start":{"line":26,"column":17},"end":{"line":26,"column":73}},"5":{"start":{"line":27,"column":2},"end":{"line":27,"column":43}},"6":{"start":{"line":28,"column":2},"end":{"line":28,"column":43}},"7":{"start":{"line":31,"column":26},"end":{"line":37,"column":2}},"8":{"start":{"line":31,"column":41},"end":{"line":37,"column":1}},"9":{"start":{"line":38,"column":26},"end":{"line":44,"column":2}},"10":{"start":{"line":38,"column":41},"end":{"line":44,"column":1}},"11":{"start":{"line":45,"column":33},"end":{"line":48,"column":1}},"12":{"start":{"line":45,"column":42},"end":{"line":48,"column":1}},"13":{"start":{"line":46,"column":16},"end":{"line":46,"column":36}},"14":{"start":{"line":47,"column":2},"end":{"line":47,"column":28}},"15":{"start":{"line":49,"column":24},"end":{"line":52,"column":2}},"16":{"start":{"line":49,"column":36},"end":{"line":52,"column":1}},"17":{"start":{"line":53,"column":29},"end":{"line":69,"column":1}},"18":{"start":{"line":53,"column":39},"end":{"line":69,"column":1}},"19":{"start":{"line":54,"column":18},"end":{"line":54,"column":33}},"20":{"start":{"line":55,"column":2},"end":{"line":57,"column":3}},"21":{"start":{"line":56,"column":4},"end":{"line":56,"column":20}},"22":{"start":{"line":58,"column":26},"end":{"line":58,"column":37}},"23":{"start":{"line":59,"column":2},"end":{"line":59,"column":28}},"24":{"start":{"line":60,"column":2},"end":{"line":68,"column":3}},"25":{"start":{"line":61,"column":4},"end":{"line":61,"column":76}},"26":{"start":{"line":62,"column":4},"end":{"line":62,"column":38}},"27":{"start":{"line":63,"column":4},"end":{"line":63,"column":52}},"28":{"start":{"line":64,"column":4},"end":{"line":64,"column":38}},"29":{"start":{"line":66,"column":4},"end":{"line":66,"column":19}},"30":{"start":{"line":67,"column":4},"end":{"line":67,"column":14}},"31":{"start":{"line":70,"column":27},"end":{"line":82,"column":1}},"32":{"start":{"line":71,"column":2},"end":{"line":71,"column":20}},"33":{"start":{"line":72,"column":2},"end":{"line":81,"column":4}},"34":{"start":{"line":83,"column":30},"end":{"line":91,"column":1}},"35":{"start":{"line":83,"column":40},"end":{"line":91,"column":1}},"36":{"start":{"line":85,"column":33},"end":{"line":85,"column":49}},"37":{"start":{"line":86,"column":2},"end":{"line":86,"column":20}},"38":{"start":{"line":87,"column":18},"end":{"line":87,"column":40}},"39":{"start":{"line":88,"column":2},"end":{"line":88,"column":27}},"40":{"start":{"line":89,"column":2},"end":{"line":89,"column":38}},"41":{"start":{"line":90,"column":2},"end":{"line":90,"column":21}},"42":{"start":{"line":92,"column":29},"end":{"line":102,"column":1}},"43":{"start":{"line":92,"column":37},"end":{"line":102,"column":1}},"44":{"start":{"line":93,"column":18},"end":{"line":93,"column":33}},"45":{"start":{"line":94,"column":2},"end":{"line":101,"column":3}},"46":{"start":{"line":95,"column":21},"end":{"line":95,"column":31}},"47":{"start":{"line":96,"column":4},"end":{"line":96,"column":62}},"48":{"start":{"line":97,"column":4},"end":{"line":97,"column":35}},"49":{"start":{"line":98,"column":4},"end":{"line":98,"column":18}},"50":{"start":{"line":100,"column":4},"end":{"line":100,"column":14}},"51":{"start":{"line":103,"column":26},"end":{"line":106,"column":2}},"52":{"start":{"line":103,"column":35},"end":{"line":106,"column":1}},"53":{"start":{"line":107,"column":37},"end":{"line":109,"column":2}},"54":{"start":{"line":107,"column":44},"end":{"line":109,"column":1}}},"fnMap":{"0":{"name":"(anonymous_0)","decl":{"start":{"line":18,"column":28},"end":{"line":18,"column":29}},"loc":{"start":{"line":18,"column":34},"end":{"line":29,"column":1}},"line":18},"1":{"name":"(anonymous_1)","decl":{"start":{"line":18,"column":34},"end":{"line":18,"column":35}},"loc":{"start":{"line":18,"column":64},"end":{"line":29,"column":1}},"line":18},"2":{"name":"(anonymous_2)","decl":{"start":{"line":31,"column":26},"end":{"line":31,"column":27}},"loc":{"start":{"line":31,"column":41},"end":{"line":37,"column":1}},"line":31},"3":{"name":"(anonymous_3)","decl":{"start":{"line":38,"column":26},"end":{"line":38,"column":27}},"loc":{"start":{"line":38,"column":41},"end":{"line":44,"column":1}},"line":38},"4":{"name":"(anonymous_4)","decl":{"start":{"line":45,"column":33},"end":{"line":45,"column":34}},"loc":{"start":{"line":45,"column":42},"end":{"line":48,"column":1}},"line":45},"5":{"name":"(anonymous_5)","decl":{"start":{"line":45,"column":42},"end":{"line":45,"column":43}},"loc":{"start":{"line":45,"column":62},"end":{"line":48,"column":1}},"line":45},"6":{"name":"(anonymous_6)","decl":{"start":{"line":49,"column":24},"end":{"line":49,"column":25}},"loc":{"start":{"line":49,"column":36},"end":{"line":52,"column":1}},"line":49},"7":{"name":"(anonymous_7)","decl":{"start":{"line":53,"column":29},"end":{"line":53,"column":30}},"loc":{"start":{"line":53,"column":39},"end":{"line":69,"column":1}},"line":53},"8":{"name":"(anonymous_8)","decl":{"start":{"line":53,"column":39},"end":{"line":53,"column":40}},"loc":{"start":{"line":53,"column":69},"end":{"line":69,"column":1}},"line":53},"9":{"name":"(anonymous_9)","decl":{"start":{"line":70,"column":27},"end":{"line":70,"column":28}},"loc":{"start":{"line":70,"column":41},"end":{"line":82,"column":1}},"line":70},"10":{"name":"(anonymous_10)","decl":{"start":{"line":83,"column":30},"end":{"line":83,"column":31}},"loc":{"start":{"line":83,"column":40},"end":{"line":91,"column":1}},"line":83},"11":{"name":"(anonymous_11)","decl":{"start":{"line":83,"column":40},"end":{"line":83,"column":41}},"loc":{"start":{"line":83,"column":70},"end":{"line":91,"column":1}},"line":83},"12":{"name":"(anonymous_12)","decl":{"start":{"line":92,"column":29},"end":{"line":92,"column":30}},"loc":{"start":{"line":92,"column":37},"end":{"line":102,"column":1}},"line":92},"13":{"name":"(anonymous_13)","decl":{"start":{"line":92,"column":37},"end":{"line":92,"column":38}},"loc":{"start":{"line":92,"column":67},"end":{"line":102,"column":1}},"line":92},"14":{"name":"(anonymous_14)","decl":{"start":{"line":103,"column":26},"end":{"line":103,"column":27}},"loc":{"start":{"line":103,"column":35},"end":{"line":106,"column":1}},"line":103},"15":{"name":"(anonymous_15)","decl":{"start":{"line":107,"column":37},"end":{"line":107,"column":38}},"loc":{"start":{"line":107,"column":44},"end":{"line":109,"column":1}},"line":107}},"branchMap":{"0":{"loc":{"start":{"line":55,"column":2},"end":{"line":57,"column":3}},"type":"if","locations":[{"start":{"line":55,"column":2},"end":{"line":57,"column":3}},{"start":{"line":55,"column":2},"end":{"line":57,"column":3}}],"line":55}},"s":{"0":1,"1":1,"2":1,"3":1,"4":1,"5":1,"6":1,"7":1,"8":1,"9":1,"10":1,"11":1,"12":0,"13":0,"14":0,"15":1,"16":0,"17":1,"18":0,"19":0,"20":0,"21":0,"22":0,"23":0,"24":0,"25":0,"26":0,"27":0,"28":0,"29":0,"30":0,"31":1,"32":0,"33":0,"34":1,"35":0,"36":0,"37":0,"38":0,"39":0,"40":0,"41":0,"42":1,"43":0,"44":0,"45":0,"46":0,"47":0,"48":0,"49":0,"50":0,"51":1,"52":0,"53":1,"54":0},"f":{"0":1,"1":1,"2":1,"3":1,"4":0,"5":0,"6":0,"7":0,"8":0,"9":0,"10":0,"11":0,"12":0,"13":0,"14":0,"15":0},"b":{"0":[0,0]},"_coverageSchema":"1a1c01bbd47fc00a2c39e90264f33305004495a9","hash":"563c1f001109de23bfb4fc1857a1a6eaced31bee"}
,"/home/ivan/Descargas/backup/git/React de 0 a experto/Journal-App/Journal-React-App/src/firebase/firebase-config.js": {"path":"/home/ivan/Descargas/backup/git/React de 0 a experto/Journal-App/Journal-React-App/src/firebase/firebase-config.js","statementMap":{"0":{"start":{"line":5,"column":30},"end":{"line":13,"column":1}},"1":{"start":{"line":14,"column":23},"end":{"line":21,"column":1}},"2":{"start":{"line":22,"column":0},"end":{"line":26,"column":1}},"3":{"start":{"line":23,"column":2},"end":{"line":23,"column":48}},"4":{"start":{"line":25,"column":2},"end":{"line":25,"column":41}},"5":{"start":{"line":29,"column":11},"end":{"line":29,"column":31}},"6":{"start":{"line":30,"column":27},"end":{"line":30,"column":65}}},"fnMap":{},"branchMap":{"0":{"loc":{"start":{"line":22,"column":0},"end":{"line":26,"column":1}},"type":"if","locations":[{"start":{"line":22,"column":0},"end":{"line":26,"column":1}},{"start":{"line":22,"column":0},"end":{"line":26,"column":1}}],"line":22}},"s":{"0":1,"1":1,"2":1,"3":1,"4":0,"5":1,"6":1},"f":{},"b":{"0":[1,0]},"_coverageSchema":"1a1c01bbd47fc00a2c39e90264f33305004495a9","hash":"df4b99e62ced46698eecede10a3e954e58181ff4"}
,"/home/ivan/Descargas/backup/git/React de 0 a experto/Journal-App/Journal-React-App/src/types/types.js": {"path":"/home/ivan/Descargas/backup/git/React de 0 a experto/Journal-App/Journal-React-App/src/types/types.js","statementMap":{"0":{"start":{"line":1,"column":14},"end":{"line":16,"column":1}}},"fnMap":{},"branchMap":{},"s":{"0":1},"f":{},"b":{},"_coverageSchema":"1a1c01bbd47fc00a2c39e90264f33305004495a9","hash":"0316a75fd2c0615a5a1e55fd5b33d946126ed50e"}
}
